<?xml version="1.0" encoding="UTF-8"?>
<testng-results ignored="0" total="1" passed="1" failed="0" skipped="0">
  <reporter-output>
  </reporter-output>
  <suite started-at="2022-08-19T23:02:29 WIB" name="Default suite" finished-at="2022-08-19T23:02:41 WIB" duration-ms="12016">
    <groups>
    </groups>
    <test started-at="2022-08-19T23:02:29 WIB" name="Default test" finished-at="2022-08-19T23:02:41 WIB" duration-ms="12016">
      <class name="com.juaracoding.pageobject.TestFrame">
        <test-method is-config="true" signature="setUp()[pri:0, instance:com.juaracoding.pageobject.TestFrame@6c130c45]" started-at="2022-08-19T23:02:29 WIB" name="setUp" finished-at="2022-08-19T23:02:38 WIB" duration-ms="8730" status="PASS">
          <reporter-output>
          </reporter-output>
        </test-method> <!-- setUp -->
        <test-method is-config="true" signature="pageObject()[pri:0, instance:com.juaracoding.pageobject.TestFrame@6c130c45]" started-at="2022-08-19T23:02:38 WIB" name="pageObject" finished-at="2022-08-19T23:02:38 WIB" duration-ms="25" status="PASS">
          <reporter-output>
          </reporter-output>
        </test-method> <!-- pageObject -->
        <test-method signature="testFrame()[pri:0, instance:com.juaracoding.pageobject.TestFrame@6c130c45]" started-at="2022-08-19T23:02:38 WIB" name="testFrame" finished-at="2022-08-19T23:02:38 WIB" duration-ms="152" status="PASS">
          <reporter-output>
          </reporter-output>
        </test-method> <!-- testFrame -->
        <test-method is-config="true" signature="closebrowser()[pri:0, instance:com.juaracoding.pageobject.TestFrame@6c130c45]" started-at="2022-08-19T23:02:38 WIB" name="closebrowser" finished-at="2022-08-19T23:02:41 WIB" duration-ms="3068" status="PASS">
          <reporter-output>
          </reporter-output>
        </test-method> <!-- closebrowser -->
      </class> <!-- com.juaracoding.pageobject.TestFrame -->
    </test> <!-- Default test -->
  </suite> <!-- Default suite -->
</testng-results>
